


ARM Macro Assembler    Page 1 


    1 00000000         ;/******************************************************
                       ***********************
    2 00000000         ; * @file:    startup_LPC17xx.s
    3 00000000         ; * @purpose: CMSIS Cortex-M3 Core Device Startup File 
    4 00000000         ; *           for the NXP LPC17xx Device Series 
    5 00000000         ; * @version: V1.0
    6 00000000         ; * @date:    25. Nov. 2008
    7 00000000         ; *------- <<< Use Configuration Wizard in Context Menu 
                       >>> ------------------
    8 00000000         ; *
    9 00000000         ; * Copyright (C) 2008 ARM Limited. All rights reserved.
                       
   10 00000000         ; * ARM Limited (ARM) is supplying this software for use
                        with Cortex-M3 
   11 00000000         ; * processor based microcontrollers.  This file can be 
                       freely distributed 
   12 00000000         ; * within development tools that are supporting such AR
                       M based processors. 
   13 00000000         ; *
   14 00000000         ; * THIS SOFTWARE IS PROVIDED "AS IS".  NO WARRANTIES, W
                       HETHER EXPRESS, IMPLIED
   15 00000000         ; * OR STATUTORY, INCLUDING, BUT NOT LIMITED TO, IMPLIED
                        WARRANTIES OF
   16 00000000         ; * MERCHANTABILITY AND FITNESS FOR A PARTICULAR PURPOSE
                        APPLY TO THIS SOFTWARE.
   17 00000000         ; * ARM SHALL NOT, IN ANY CIRCUMSTANCES, BE LIABLE FOR S
                       PECIAL, INCIDENTAL, OR
   18 00000000         ; * CONSEQUENTIAL DAMAGES, FOR ANY REASON WHATSOEVER.
   19 00000000         ; *
   20 00000000         
   21 00000000         ; <h> Stack Configuration
   22 00000000         ;   <o> Stack Size (in Bytes) <0x0-0xFFFFFFFF:8>
   23 00000000         ; </h>
   24 00000000 00000400 
                       Stack_Size
                               EQU              0x00000400
   25 00000000         
   26 00000000                 AREA             STACK, NOINIT, READWRITE, ALIGN
=3
   27 00000000         Stack_Mem
                               SPACE            Stack_Size
   28 00000400         __initial_sp
   29 00000400         
   30 00000400         ; <h> Heap Configuration
   31 00000400         ;   <o>  Heap Size (in Bytes) <0x0-0xFFFFFFFF:8>
   32 00000400         ; </h>
   33 00000400 00000200 
                       Heap_Size
                               EQU              0x00000200
   34 00000400         
   35 00000400                 AREA             HEAP, NOINIT, READWRITE, ALIGN=
3
   36 00000000         __heap_base
   37 00000000         Heap_Mem
                               SPACE            Heap_Size
   38 00000200         __heap_limit
   39 00000200         
   40 00000200                 PRESERVE8
   41 00000200                 THUMB



ARM Macro Assembler    Page 2 


   42 00000200         
   43 00000200         
   44 00000200         ; Vector Table Mapped to Address 0 at Reset
   45 00000200         
   46 00000200                 AREA             RESET, DATA, READONLY
   47 00000000                 EXPORT           __Vectors
   48 00000000         
   49 00000000 00000000 
                       __Vectors
                               DCD              __initial_sp ; Top of Stack
   50 00000004 00000000        DCD              Reset_Handler ; Reset Handler
   51 00000008 00000000        DCD              NMI_Handler ; NMI Handler
   52 0000000C 00000000        DCD              HardFault_Handler ; Hard Fault 
                                                            Handler
   53 00000010 00000000        DCD              MemManage_Handler 
                                                            ; MPU Fault Handler
                                                            
   54 00000014 00000000        DCD              BusFault_Handler 
                                                            ; Bus Fault Handler
                                                            
   55 00000018 00000000        DCD              UsageFault_Handler ; Usage Faul
                                                            t Handler
   56 0000001C 00000000        DCD              0           ; Reserved
   57 00000020 00000000        DCD              0           ; Reserved
   58 00000024 00000000        DCD              0           ; Reserved
   59 00000028 00000000        DCD              0           ; Reserved
   60 0000002C 00000000        DCD              SVC_Handler ; SVCall Handler
   61 00000030 00000000        DCD              DebugMon_Handler ; Debug Monito
                                                            r Handler
   62 00000034 00000000        DCD              0           ; Reserved
   63 00000038 00000000        DCD              PendSV_Handler ; PendSV Handler
                                                            
   64 0000003C 00000000        DCD              SysTick_Handler 
                                                            ; SysTick Handler
   65 00000040         
   66 00000040         
   67 00000040         ; External Interrupts
   68 00000040 00000000        DCD              WDT_IRQHandler ; 16: Watchdog T
                                                            imer
   69 00000044 00000000        DCD              TIMER0_IRQHandler ; 17: Timer0
   70 00000048 00000000        DCD              TIMER1_IRQHandler ; 18: Timer1
   71 0000004C 00000000        DCD              TIMER2_IRQHandler ; 19: Timer2
   72 00000050 00000000        DCD              TIMER3_IRQHandler ; 20: Timer3
   73 00000054 00000000        DCD              UART0_IRQHandler ; 21: UART0
   74 00000058 00000000        DCD              UART1_IRQHandler ; 22: UART1
   75 0000005C 00000000        DCD              UART2_IRQHandler ; 23: UART2
   76 00000060 00000000        DCD              UART3_IRQHandler ; 24: UART3
   77 00000064 00000000        DCD              PWM1_IRQHandler ; 25: PWM1
   78 00000068 00000000        DCD              I2C0_IRQHandler ; 26: I2C0
   79 0000006C 00000000        DCD              I2C1_IRQHandler ; 27: I2C1
   80 00000070 00000000        DCD              I2C2_IRQHandler ; 28: I2C2
   81 00000074 00000000        DCD              SPI_IRQHandler ; 29: SPI
   82 00000078 00000000        DCD              SSP0_IRQHandler ; 30: SSP0
   83 0000007C 00000000        DCD              SSP1_IRQHandler ; 31: SSP1
   84 00000080 00000000        DCD              PLL0_IRQHandler ; 32: PLL0 Lock
                                                             (Main PLL)
   85 00000084 00000000        DCD              RTC_IRQHandler ; 33: Real Time 
                                                            Clock
   86 00000088 00000000        DCD              EINT0_IRQHandler ; 34: External



ARM Macro Assembler    Page 3 


                                                             Interrupt 0
   87 0000008C 00000000        DCD              EINT1_IRQHandler ; 35: External
                                                             Interrupt 1
   88 00000090 00000000        DCD              EINT2_IRQHandler ; 36: External
                                                             Interrupt 2
   89 00000094 00000000        DCD              EINT3_IRQHandler ; 37: External
                                                             Interrupt 3
   90 00000098 00000000        DCD              ADC_IRQHandler 
                                                            ; 38: A/D Converter
                                                            
   91 0000009C 00000000        DCD              BOD_IRQHandler ; 39: Brown-Out 
                                                            Detect
   92 000000A0 00000000        DCD              USB_IRQHandler ; 40: USB
   93 000000A4 00000000        DCD              CAN_IRQHandler ; 41: CAN
   94 000000A8 00000000        DCD              DMA_IRQHandler ; 42: General Pu
                                                            rpose DMA
   95 000000AC 00000000        DCD              I2S_IRQHandler ; 43: I2S
   96 000000B0 00000000        DCD              ENET_IRQHandler ; 44: Ethernet
   97 000000B4 00000000        DCD              RIT_IRQHandler ; 45: Repetitive
                                                             Interrupt Timer
   98 000000B8 00000000        DCD              MCPWM_IRQHandler ; 46: Motor Co
                                                            ntrol PWM
   99 000000BC 00000000        DCD              QEI_IRQHandler ; 47: Quadrature
                                                             Encoder Interface
  100 000000C0 00000000        DCD              PLL1_IRQHandler ; 48: PLL1 Lock
                                                             (USB PLL)
  101 000000C4         
  102 000000C4         
  103 000000C4                 IF               :LNOT::DEF:NO_CRP
  104 000000C4                 AREA             |.ARM.__at_0x02FC|, CODE, READO
NLY
  105 00000000 FFFFFFFF 
                       CRP_Key DCD              0xFFFFFFFF
  106 00000004                 ENDIF
  107 00000004         
  108 00000004         
  109 00000004                 AREA             |.text|, CODE, READONLY
  110 00000000         
  111 00000000         
  112 00000000         ; Reset Handler
  113 00000000         
  114 00000000         Reset_Handler
                               PROC
  115 00000000                 EXPORT           Reset_Handler             [WEAK
]
  116 00000000                 IMPORT           __main
  117 00000000 4808            LDR              R0, =__main
  118 00000002 4700            BX               R0
  119 00000004                 ENDP
  120 00000004         
  121 00000004         
  122 00000004         ; Dummy Exception Handlers (infinite loops which can be 
                       modified)                
  123 00000004         
  124 00000004         NMI_Handler
                               PROC
  125 00000004                 EXPORT           NMI_Handler               [WEAK
]
  126 00000004 E7FE            B                .



ARM Macro Assembler    Page 4 


  127 00000006                 ENDP
  129 00000006         HardFault_Handler
                               PROC
  130 00000006                 EXPORT           HardFault_Handler         [WEAK
]
  131 00000006 E7FE            B                .
  132 00000008                 ENDP
  134 00000008         MemManage_Handler
                               PROC
  135 00000008                 EXPORT           MemManage_Handler         [WEAK
]
  136 00000008 E7FE            B                .
  137 0000000A                 ENDP
  139 0000000A         BusFault_Handler
                               PROC
  140 0000000A                 EXPORT           BusFault_Handler          [WEAK
]
  141 0000000A E7FE            B                .
  142 0000000C                 ENDP
  144 0000000C         UsageFault_Handler
                               PROC
  145 0000000C                 EXPORT           UsageFault_Handler        [WEAK
]
  146 0000000C E7FE            B                .
  147 0000000E                 ENDP
  148 0000000E         SVC_Handler
                               PROC
  149 0000000E                 EXPORT           SVC_Handler               [WEAK
]
  150 0000000E E7FE            B                .
  151 00000010                 ENDP
  153 00000010         DebugMon_Handler
                               PROC
  154 00000010                 EXPORT           DebugMon_Handler          [WEAK
]
  155 00000010 E7FE            B                .
  156 00000012                 ENDP
  157 00000012         PendSV_Handler
                               PROC
  158 00000012                 EXPORT           PendSV_Handler            [WEAK
]
  159 00000012 E7FE            B                .
  160 00000014                 ENDP
  161 00000014         SysTick_Handler
                               PROC
  162 00000014                 EXPORT           SysTick_Handler           [WEAK
]
  163 00000014 E7FE            B                .
  164 00000016                 ENDP
  165 00000016         
  166 00000016         Default_Handler
                               PROC
  167 00000016         
  168 00000016                 EXPORT           WDT_IRQHandler            [WEAK
]
  169 00000016                 EXPORT           TIMER0_IRQHandler         [WEAK
]
  170 00000016                 EXPORT           TIMER1_IRQHandler         [WEAK
]



ARM Macro Assembler    Page 5 


  171 00000016                 EXPORT           TIMER2_IRQHandler         [WEAK
]
  172 00000016                 EXPORT           TIMER3_IRQHandler         [WEAK
]
  173 00000016                 EXPORT           UART0_IRQHandler          [WEAK
]
  174 00000016                 EXPORT           UART1_IRQHandler          [WEAK
]
  175 00000016                 EXPORT           UART2_IRQHandler          [WEAK
]
  176 00000016                 EXPORT           UART3_IRQHandler          [WEAK
]
  177 00000016                 EXPORT           PWM1_IRQHandler           [WEAK
]
  178 00000016                 EXPORT           I2C0_IRQHandler           [WEAK
]
  179 00000016                 EXPORT           I2C1_IRQHandler           [WEAK
]
  180 00000016                 EXPORT           I2C2_IRQHandler           [WEAK
]
  181 00000016                 EXPORT           SPI_IRQHandler            [WEAK
]
  182 00000016                 EXPORT           SSP0_IRQHandler           [WEAK
]
  183 00000016                 EXPORT           SSP1_IRQHandler           [WEAK
]
  184 00000016                 EXPORT           PLL0_IRQHandler           [WEAK
]
  185 00000016                 EXPORT           RTC_IRQHandler            [WEAK
]
  186 00000016                 EXPORT           EINT0_IRQHandler          [WEAK
]
  187 00000016                 EXPORT           EINT1_IRQHandler          [WEAK
]
  188 00000016                 EXPORT           EINT2_IRQHandler          [WEAK
]
  189 00000016                 EXPORT           EINT3_IRQHandler          [WEAK
]
  190 00000016                 EXPORT           ADC_IRQHandler            [WEAK
]
  191 00000016                 EXPORT           BOD_IRQHandler            [WEAK
]
  192 00000016                 EXPORT           USB_IRQHandler            [WEAK
]
  193 00000016                 EXPORT           CAN_IRQHandler            [WEAK
]
  194 00000016                 EXPORT           DMA_IRQHandler            [WEAK
]
  195 00000016                 EXPORT           I2S_IRQHandler            [WEAK
]
  196 00000016                 EXPORT           ENET_IRQHandler           [WEAK
]
  197 00000016                 EXPORT           RIT_IRQHandler            [WEAK
]
  198 00000016                 EXPORT           MCPWM_IRQHandler          [WEAK
]
  199 00000016                 EXPORT           QEI_IRQHandler            [WEAK
]
  200 00000016                 EXPORT           PLL1_IRQHandler           [WEAK



ARM Macro Assembler    Page 6 


]
  201 00000016         
  202 00000016         WDT_IRQHandler
  203 00000016         TIMER0_IRQHandler
  204 00000016         TIMER1_IRQHandler
  205 00000016         TIMER2_IRQHandler
  206 00000016         TIMER3_IRQHandler
  207 00000016         UART0_IRQHandler
  208 00000016         UART1_IRQHandler
  209 00000016         UART2_IRQHandler
  210 00000016         UART3_IRQHandler
  211 00000016         PWM1_IRQHandler
  212 00000016         I2C0_IRQHandler
  213 00000016         I2C1_IRQHandler
  214 00000016         I2C2_IRQHandler
  215 00000016         SPI_IRQHandler
  216 00000016         SSP0_IRQHandler
  217 00000016         SSP1_IRQHandler
  218 00000016         PLL0_IRQHandler
  219 00000016         RTC_IRQHandler
  220 00000016         EINT0_IRQHandler
  221 00000016         EINT1_IRQHandler
  222 00000016         EINT2_IRQHandler
  223 00000016         EINT3_IRQHandler
  224 00000016         ADC_IRQHandler
  225 00000016         BOD_IRQHandler
  226 00000016         USB_IRQHandler
  227 00000016         CAN_IRQHandler
  228 00000016         DMA_IRQHandler
  229 00000016         I2S_IRQHandler
  230 00000016         ENET_IRQHandler
  231 00000016         RIT_IRQHandler
  232 00000016         MCPWM_IRQHandler
  233 00000016         QEI_IRQHandler
  234 00000016         PLL1_IRQHandler
  235 00000016         
  236 00000016 E7FE            B                .
  237 00000018         
  238 00000018                 ENDP
  239 00000018         
  240 00000018         
  241 00000018                 ALIGN
  242 00000018         
  243 00000018         
  244 00000018         ; User Initial Stack & Heap
  245 00000018         
  246 00000018                 IF               :DEF:__MICROLIB
  253 00000018         
  254 00000018                 IMPORT           __use_two_region_memory
  255 00000018                 EXPORT           __user_initial_stackheap
  256 00000018         __user_initial_stackheap
  257 00000018         
  258 00000018 4803            LDR              R0, =  Heap_Mem
  259 0000001A 4904            LDR              R1, =(Stack_Mem + Stack_Size)
  260 0000001C 4A04            LDR              R2, = (Heap_Mem +  Heap_Size)
  261 0000001E 4B05            LDR              R3, = Stack_Mem
  262 00000020 4770            BX               LR
  263 00000022         
  264 00000022 00 00           ALIGN



ARM Macro Assembler    Page 7 


  265 00000024         
  266 00000024                 ENDIF
  267 00000024         
  268 00000024         
  269 00000024                 END
              00000000 
              00000000 
              00000400 
              00000200 
              00000000 
Command Line: --debug --xref --diag_suppress=9931 --cpu=Cortex-M3 --apcs=interw
ork --depend=.\flash\startup_lpc17xx.d -o.\flash\startup_lpc17xx.o -I.\RTE\_MCB
1768_Flash -IC:\Keil_v5\ARM\PACK\ARM\CMSIS\5.4.0\CMSIS\Core\Include -IC:\Keil_v
5\ARM\PACK\Keil\LPC1700_DFP\2.5.0\Device\Include --predefine="__EVAL SETA 1" --
predefine="__UVISION_VERSION SETA 526" --predefine="_RTE_ SETA 1" --predefine="
LPC175x_6x SETA 1" --list=.\flash\startup_lpc17xx.lst LPC1700\Core_CM3\startup_
LPC17xx.s



ARM Macro Assembler    Page 1 Alphabetic symbol ordering
Relocatable symbols

STACK 00000000

Symbol: STACK
   Definitions
      At line 26 in file LPC1700\Core_CM3\startup_LPC17xx.s
   Uses
      None
Comment: STACK unused
Stack_Mem 00000000

Symbol: Stack_Mem
   Definitions
      At line 27 in file LPC1700\Core_CM3\startup_LPC17xx.s
   Uses
      At line 259 in file LPC1700\Core_CM3\startup_LPC17xx.s
      At line 261 in file LPC1700\Core_CM3\startup_LPC17xx.s

__initial_sp 00000400

Symbol: __initial_sp
   Definitions
      At line 28 in file LPC1700\Core_CM3\startup_LPC17xx.s
   Uses
      At line 49 in file LPC1700\Core_CM3\startup_LPC17xx.s
Comment: __initial_sp used once
3 symbols



ARM Macro Assembler    Page 1 Alphabetic symbol ordering
Relocatable symbols

HEAP 00000000

Symbol: HEAP
   Definitions
      At line 35 in file LPC1700\Core_CM3\startup_LPC17xx.s
   Uses
      None
Comment: HEAP unused
Heap_Mem 00000000

Symbol: Heap_Mem
   Definitions
      At line 37 in file LPC1700\Core_CM3\startup_LPC17xx.s
   Uses
      At line 258 in file LPC1700\Core_CM3\startup_LPC17xx.s
      At line 260 in file LPC1700\Core_CM3\startup_LPC17xx.s

__heap_base 00000000

Symbol: __heap_base
   Definitions
      At line 36 in file LPC1700\Core_CM3\startup_LPC17xx.s
   Uses
      None
Comment: __heap_base unused
__heap_limit 00000200

Symbol: __heap_limit
   Definitions
      At line 38 in file LPC1700\Core_CM3\startup_LPC17xx.s
   Uses
      None
Comment: __heap_limit unused
4 symbols



ARM Macro Assembler    Page 1 Alphabetic symbol ordering
Relocatable symbols

RESET 00000000

Symbol: RESET
   Definitions
      At line 46 in file LPC1700\Core_CM3\startup_LPC17xx.s
   Uses
      None
Comment: RESET unused
__Vectors 00000000

Symbol: __Vectors
   Definitions
      At line 49 in file LPC1700\Core_CM3\startup_LPC17xx.s
   Uses
      At line 47 in file LPC1700\Core_CM3\startup_LPC17xx.s
Comment: __Vectors used once
2 symbols



ARM Macro Assembler    Page 1 Alphabetic symbol ordering
Relocatable symbols

.ARM.__at_0x02FC 00000000

Symbol: .ARM.__at_0x02FC
   Definitions
      At line 104 in file LPC1700\Core_CM3\startup_LPC17xx.s
   Uses
      None
Comment: .ARM.__at_0x02FC unused
CRP_Key 00000000

Symbol: CRP_Key
   Definitions
      At line 105 in file LPC1700\Core_CM3\startup_LPC17xx.s
   Uses
      None
Comment: CRP_Key unused
2 symbols



ARM Macro Assembler    Page 1 Alphabetic symbol ordering
Relocatable symbols

.text 00000000

Symbol: .text
   Definitions
      At line 109 in file LPC1700\Core_CM3\startup_LPC17xx.s
   Uses
      None
Comment: .text unused
ADC_IRQHandler 00000016

Symbol: ADC_IRQHandler
   Definitions
      At line 224 in file LPC1700\Core_CM3\startup_LPC17xx.s
   Uses
      At line 90 in file LPC1700\Core_CM3\startup_LPC17xx.s
      At line 190 in file LPC1700\Core_CM3\startup_LPC17xx.s

BOD_IRQHandler 00000016

Symbol: BOD_IRQHandler
   Definitions
      At line 225 in file LPC1700\Core_CM3\startup_LPC17xx.s
   Uses
      At line 91 in file LPC1700\Core_CM3\startup_LPC17xx.s
      At line 191 in file LPC1700\Core_CM3\startup_LPC17xx.s

BusFault_Handler 0000000A

Symbol: BusFault_Handler
   Definitions
      At line 139 in file LPC1700\Core_CM3\startup_LPC17xx.s
   Uses
      At line 54 in file LPC1700\Core_CM3\startup_LPC17xx.s
      At line 140 in file LPC1700\Core_CM3\startup_LPC17xx.s

CAN_IRQHandler 00000016

Symbol: CAN_IRQHandler
   Definitions
      At line 227 in file LPC1700\Core_CM3\startup_LPC17xx.s
   Uses
      At line 93 in file LPC1700\Core_CM3\startup_LPC17xx.s
      At line 193 in file LPC1700\Core_CM3\startup_LPC17xx.s

DMA_IRQHandler 00000016

Symbol: DMA_IRQHandler
   Definitions
      At line 228 in file LPC1700\Core_CM3\startup_LPC17xx.s
   Uses
      At line 94 in file LPC1700\Core_CM3\startup_LPC17xx.s
      At line 194 in file LPC1700\Core_CM3\startup_LPC17xx.s

DebugMon_Handler 00000010

Symbol: DebugMon_Handler
   Definitions
      At line 153 in file LPC1700\Core_CM3\startup_LPC17xx.s
   Uses



ARM Macro Assembler    Page 2 Alphabetic symbol ordering
Relocatable symbols

      At line 61 in file LPC1700\Core_CM3\startup_LPC17xx.s
      At line 154 in file LPC1700\Core_CM3\startup_LPC17xx.s

Default_Handler 00000016

Symbol: Default_Handler
   Definitions
      At line 166 in file LPC1700\Core_CM3\startup_LPC17xx.s
   Uses
      None
Comment: Default_Handler unused
EINT0_IRQHandler 00000016

Symbol: EINT0_IRQHandler
   Definitions
      At line 220 in file LPC1700\Core_CM3\startup_LPC17xx.s
   Uses
      At line 86 in file LPC1700\Core_CM3\startup_LPC17xx.s
      At line 186 in file LPC1700\Core_CM3\startup_LPC17xx.s

EINT1_IRQHandler 00000016

Symbol: EINT1_IRQHandler
   Definitions
      At line 221 in file LPC1700\Core_CM3\startup_LPC17xx.s
   Uses
      At line 87 in file LPC1700\Core_CM3\startup_LPC17xx.s
      At line 187 in file LPC1700\Core_CM3\startup_LPC17xx.s

EINT2_IRQHandler 00000016

Symbol: EINT2_IRQHandler
   Definitions
      At line 222 in file LPC1700\Core_CM3\startup_LPC17xx.s
   Uses
      At line 88 in file LPC1700\Core_CM3\startup_LPC17xx.s
      At line 188 in file LPC1700\Core_CM3\startup_LPC17xx.s

EINT3_IRQHandler 00000016

Symbol: EINT3_IRQHandler
   Definitions
      At line 223 in file LPC1700\Core_CM3\startup_LPC17xx.s
   Uses
      At line 89 in file LPC1700\Core_CM3\startup_LPC17xx.s
      At line 189 in file LPC1700\Core_CM3\startup_LPC17xx.s

ENET_IRQHandler 00000016

Symbol: ENET_IRQHandler
   Definitions
      At line 230 in file LPC1700\Core_CM3\startup_LPC17xx.s
   Uses
      At line 96 in file LPC1700\Core_CM3\startup_LPC17xx.s
      At line 196 in file LPC1700\Core_CM3\startup_LPC17xx.s

HardFault_Handler 00000006

Symbol: HardFault_Handler



ARM Macro Assembler    Page 3 Alphabetic symbol ordering
Relocatable symbols

   Definitions
      At line 129 in file LPC1700\Core_CM3\startup_LPC17xx.s
   Uses
      At line 52 in file LPC1700\Core_CM3\startup_LPC17xx.s
      At line 130 in file LPC1700\Core_CM3\startup_LPC17xx.s

I2C0_IRQHandler 00000016

Symbol: I2C0_IRQHandler
   Definitions
      At line 212 in file LPC1700\Core_CM3\startup_LPC17xx.s
   Uses
      At line 78 in file LPC1700\Core_CM3\startup_LPC17xx.s
      At line 178 in file LPC1700\Core_CM3\startup_LPC17xx.s

I2C1_IRQHandler 00000016

Symbol: I2C1_IRQHandler
   Definitions
      At line 213 in file LPC1700\Core_CM3\startup_LPC17xx.s
   Uses
      At line 79 in file LPC1700\Core_CM3\startup_LPC17xx.s
      At line 179 in file LPC1700\Core_CM3\startup_LPC17xx.s

I2C2_IRQHandler 00000016

Symbol: I2C2_IRQHandler
   Definitions
      At line 214 in file LPC1700\Core_CM3\startup_LPC17xx.s
   Uses
      At line 80 in file LPC1700\Core_CM3\startup_LPC17xx.s
      At line 180 in file LPC1700\Core_CM3\startup_LPC17xx.s

I2S_IRQHandler 00000016

Symbol: I2S_IRQHandler
   Definitions
      At line 229 in file LPC1700\Core_CM3\startup_LPC17xx.s
   Uses
      At line 95 in file LPC1700\Core_CM3\startup_LPC17xx.s
      At line 195 in file LPC1700\Core_CM3\startup_LPC17xx.s

MCPWM_IRQHandler 00000016

Symbol: MCPWM_IRQHandler
   Definitions
      At line 232 in file LPC1700\Core_CM3\startup_LPC17xx.s
   Uses
      At line 98 in file LPC1700\Core_CM3\startup_LPC17xx.s
      At line 198 in file LPC1700\Core_CM3\startup_LPC17xx.s

MemManage_Handler 00000008

Symbol: MemManage_Handler
   Definitions
      At line 134 in file LPC1700\Core_CM3\startup_LPC17xx.s
   Uses
      At line 53 in file LPC1700\Core_CM3\startup_LPC17xx.s
      At line 135 in file LPC1700\Core_CM3\startup_LPC17xx.s



ARM Macro Assembler    Page 4 Alphabetic symbol ordering
Relocatable symbols


NMI_Handler 00000004

Symbol: NMI_Handler
   Definitions
      At line 124 in file LPC1700\Core_CM3\startup_LPC17xx.s
   Uses
      At line 51 in file LPC1700\Core_CM3\startup_LPC17xx.s
      At line 125 in file LPC1700\Core_CM3\startup_LPC17xx.s

PLL0_IRQHandler 00000016

Symbol: PLL0_IRQHandler
   Definitions
      At line 218 in file LPC1700\Core_CM3\startup_LPC17xx.s
   Uses
      At line 84 in file LPC1700\Core_CM3\startup_LPC17xx.s
      At line 184 in file LPC1700\Core_CM3\startup_LPC17xx.s

PLL1_IRQHandler 00000016

Symbol: PLL1_IRQHandler
   Definitions
      At line 234 in file LPC1700\Core_CM3\startup_LPC17xx.s
   Uses
      At line 100 in file LPC1700\Core_CM3\startup_LPC17xx.s
      At line 200 in file LPC1700\Core_CM3\startup_LPC17xx.s

PWM1_IRQHandler 00000016

Symbol: PWM1_IRQHandler
   Definitions
      At line 211 in file LPC1700\Core_CM3\startup_LPC17xx.s
   Uses
      At line 77 in file LPC1700\Core_CM3\startup_LPC17xx.s
      At line 177 in file LPC1700\Core_CM3\startup_LPC17xx.s

PendSV_Handler 00000012

Symbol: PendSV_Handler
   Definitions
      At line 157 in file LPC1700\Core_CM3\startup_LPC17xx.s
   Uses
      At line 63 in file LPC1700\Core_CM3\startup_LPC17xx.s
      At line 158 in file LPC1700\Core_CM3\startup_LPC17xx.s

QEI_IRQHandler 00000016

Symbol: QEI_IRQHandler
   Definitions
      At line 233 in file LPC1700\Core_CM3\startup_LPC17xx.s
   Uses
      At line 99 in file LPC1700\Core_CM3\startup_LPC17xx.s
      At line 199 in file LPC1700\Core_CM3\startup_LPC17xx.s

RIT_IRQHandler 00000016

Symbol: RIT_IRQHandler
   Definitions



ARM Macro Assembler    Page 5 Alphabetic symbol ordering
Relocatable symbols

      At line 231 in file LPC1700\Core_CM3\startup_LPC17xx.s
   Uses
      At line 97 in file LPC1700\Core_CM3\startup_LPC17xx.s
      At line 197 in file LPC1700\Core_CM3\startup_LPC17xx.s

RTC_IRQHandler 00000016

Symbol: RTC_IRQHandler
   Definitions
      At line 219 in file LPC1700\Core_CM3\startup_LPC17xx.s
   Uses
      At line 85 in file LPC1700\Core_CM3\startup_LPC17xx.s
      At line 185 in file LPC1700\Core_CM3\startup_LPC17xx.s

Reset_Handler 00000000

Symbol: Reset_Handler
   Definitions
      At line 114 in file LPC1700\Core_CM3\startup_LPC17xx.s
   Uses
      At line 50 in file LPC1700\Core_CM3\startup_LPC17xx.s
      At line 115 in file LPC1700\Core_CM3\startup_LPC17xx.s

SPI_IRQHandler 00000016

Symbol: SPI_IRQHandler
   Definitions
      At line 215 in file LPC1700\Core_CM3\startup_LPC17xx.s
   Uses
      At line 81 in file LPC1700\Core_CM3\startup_LPC17xx.s
      At line 181 in file LPC1700\Core_CM3\startup_LPC17xx.s

SSP0_IRQHandler 00000016

Symbol: SSP0_IRQHandler
   Definitions
      At line 216 in file LPC1700\Core_CM3\startup_LPC17xx.s
   Uses
      At line 82 in file LPC1700\Core_CM3\startup_LPC17xx.s
      At line 182 in file LPC1700\Core_CM3\startup_LPC17xx.s

SSP1_IRQHandler 00000016

Symbol: SSP1_IRQHandler
   Definitions
      At line 217 in file LPC1700\Core_CM3\startup_LPC17xx.s
   Uses
      At line 83 in file LPC1700\Core_CM3\startup_LPC17xx.s
      At line 183 in file LPC1700\Core_CM3\startup_LPC17xx.s

SVC_Handler 0000000E

Symbol: SVC_Handler
   Definitions
      At line 148 in file LPC1700\Core_CM3\startup_LPC17xx.s
   Uses
      At line 60 in file LPC1700\Core_CM3\startup_LPC17xx.s
      At line 149 in file LPC1700\Core_CM3\startup_LPC17xx.s




ARM Macro Assembler    Page 6 Alphabetic symbol ordering
Relocatable symbols

SysTick_Handler 00000014

Symbol: SysTick_Handler
   Definitions
      At line 161 in file LPC1700\Core_CM3\startup_LPC17xx.s
   Uses
      At line 64 in file LPC1700\Core_CM3\startup_LPC17xx.s
      At line 162 in file LPC1700\Core_CM3\startup_LPC17xx.s

TIMER0_IRQHandler 00000016

Symbol: TIMER0_IRQHandler
   Definitions
      At line 203 in file LPC1700\Core_CM3\startup_LPC17xx.s
   Uses
      At line 69 in file LPC1700\Core_CM3\startup_LPC17xx.s
      At line 169 in file LPC1700\Core_CM3\startup_LPC17xx.s

TIMER1_IRQHandler 00000016

Symbol: TIMER1_IRQHandler
   Definitions
      At line 204 in file LPC1700\Core_CM3\startup_LPC17xx.s
   Uses
      At line 70 in file LPC1700\Core_CM3\startup_LPC17xx.s
      At line 170 in file LPC1700\Core_CM3\startup_LPC17xx.s

TIMER2_IRQHandler 00000016

Symbol: TIMER2_IRQHandler
   Definitions
      At line 205 in file LPC1700\Core_CM3\startup_LPC17xx.s
   Uses
      At line 71 in file LPC1700\Core_CM3\startup_LPC17xx.s
      At line 171 in file LPC1700\Core_CM3\startup_LPC17xx.s

TIMER3_IRQHandler 00000016

Symbol: TIMER3_IRQHandler
   Definitions
      At line 206 in file LPC1700\Core_CM3\startup_LPC17xx.s
   Uses
      At line 72 in file LPC1700\Core_CM3\startup_LPC17xx.s
      At line 172 in file LPC1700\Core_CM3\startup_LPC17xx.s

UART0_IRQHandler 00000016

Symbol: UART0_IRQHandler
   Definitions
      At line 207 in file LPC1700\Core_CM3\startup_LPC17xx.s
   Uses
      At line 73 in file LPC1700\Core_CM3\startup_LPC17xx.s
      At line 173 in file LPC1700\Core_CM3\startup_LPC17xx.s

UART1_IRQHandler 00000016

Symbol: UART1_IRQHandler
   Definitions
      At line 208 in file LPC1700\Core_CM3\startup_LPC17xx.s



ARM Macro Assembler    Page 7 Alphabetic symbol ordering
Relocatable symbols

   Uses
      At line 74 in file LPC1700\Core_CM3\startup_LPC17xx.s
      At line 174 in file LPC1700\Core_CM3\startup_LPC17xx.s

UART2_IRQHandler 00000016

Symbol: UART2_IRQHandler
   Definitions
      At line 209 in file LPC1700\Core_CM3\startup_LPC17xx.s
   Uses
      At line 75 in file LPC1700\Core_CM3\startup_LPC17xx.s
      At line 175 in file LPC1700\Core_CM3\startup_LPC17xx.s

UART3_IRQHandler 00000016

Symbol: UART3_IRQHandler
   Definitions
      At line 210 in file LPC1700\Core_CM3\startup_LPC17xx.s
   Uses
      At line 76 in file LPC1700\Core_CM3\startup_LPC17xx.s
      At line 176 in file LPC1700\Core_CM3\startup_LPC17xx.s

USB_IRQHandler 00000016

Symbol: USB_IRQHandler
   Definitions
      At line 226 in file LPC1700\Core_CM3\startup_LPC17xx.s
   Uses
      At line 92 in file LPC1700\Core_CM3\startup_LPC17xx.s
      At line 192 in file LPC1700\Core_CM3\startup_LPC17xx.s

UsageFault_Handler 0000000C

Symbol: UsageFault_Handler
   Definitions
      At line 144 in file LPC1700\Core_CM3\startup_LPC17xx.s
   Uses
      At line 55 in file LPC1700\Core_CM3\startup_LPC17xx.s
      At line 145 in file LPC1700\Core_CM3\startup_LPC17xx.s

WDT_IRQHandler 00000016

Symbol: WDT_IRQHandler
   Definitions
      At line 202 in file LPC1700\Core_CM3\startup_LPC17xx.s
   Uses
      At line 68 in file LPC1700\Core_CM3\startup_LPC17xx.s
      At line 168 in file LPC1700\Core_CM3\startup_LPC17xx.s

__user_initial_stackheap 00000018

Symbol: __user_initial_stackheap
   Definitions
      At line 256 in file LPC1700\Core_CM3\startup_LPC17xx.s
   Uses
      At line 255 in file LPC1700\Core_CM3\startup_LPC17xx.s
Comment: __user_initial_stackheap used once
46 symbols



ARM Macro Assembler    Page 1 Alphabetic symbol ordering
Absolute symbols

Heap_Size 00000200

Symbol: Heap_Size
   Definitions
      At line 33 in file LPC1700\Core_CM3\startup_LPC17xx.s
   Uses
      At line 37 in file LPC1700\Core_CM3\startup_LPC17xx.s
      At line 260 in file LPC1700\Core_CM3\startup_LPC17xx.s

Stack_Size 00000400

Symbol: Stack_Size
   Definitions
      At line 24 in file LPC1700\Core_CM3\startup_LPC17xx.s
   Uses
      At line 27 in file LPC1700\Core_CM3\startup_LPC17xx.s
      At line 259 in file LPC1700\Core_CM3\startup_LPC17xx.s

2 symbols



ARM Macro Assembler    Page 1 Alphabetic symbol ordering
External symbols

__main 00000000

Symbol: __main
   Definitions
      At line 116 in file LPC1700\Core_CM3\startup_LPC17xx.s
   Uses
      At line 117 in file LPC1700\Core_CM3\startup_LPC17xx.s
Comment: __main used once
__use_two_region_memory 00000000

Symbol: __use_two_region_memory
   Definitions
      At line 254 in file LPC1700\Core_CM3\startup_LPC17xx.s
   Uses
      None
Comment: __use_two_region_memory unused
2 symbols
401 symbols in table
